TN:
SF:/Users/saad/Development/providers-registry/AssignmentWith-Docker/src/NIPURL.ts
FNF:0
FNH:0
DA:1,1
LF:1
LH:1
BRF:0
BRH:0
end_of_record
TN:
SF:/Users/saad/Development/providers-registry/AssignmentWith-Docker/src/aws-config.ts
FNF:0
FNH:0
DA:1,1
DA:3,1
DA:9,1
DA:10,1
DA:12,1
LF:5
LH:5
BRF:0
BRH:0
end_of_record
TN:
SF:/Users/saad/Development/providers-registry/AssignmentWith-Docker/src/main.ts
FN:27,(anonymous_1)
FN:35,(anonymous_2)
FN:53,(anonymous_3)
FN:70,(anonymous_4)
FN:74,(anonymous_5)
FN:79,(anonymous_6)
FN:88,(anonymous_7)
FNF:7
FNH:3
FNDA:1,(anonymous_1)
FNDA:1,(anonymous_2)
FNDA:0,(anonymous_3)
FNDA:0,(anonymous_4)
FNDA:0,(anonymous_5)
FNDA:1,(anonymous_6)
FNDA:0,(anonymous_7)
DA:1,1
DA:2,1
DA:3,1
DA:5,1
DA:6,1
DA:7,1
DA:8,1
DA:10,1
DA:12,1
DA:14,1
DA:16,1
DA:17,1
DA:18,1
DA:20,1
DA:21,1
DA:23,1
DA:24,1
DA:27,1
DA:29,1
DA:32,1
DA:35,1
DA:37,1
DA:38,1
DA:53,1
DA:54,0
DA:55,0
DA:58,0
DA:63,0
DA:70,1
DA:71,0
DA:74,0
DA:75,0
DA:79,1
DA:80,1
DA:88,1
DA:89,0
DA:90,0
DA:92,0
DA:98,1
DA:101,1
LF:40
LH:30
BRDA:16,0,0,1
BRDA:16,0,1,1
BRDA:54,1,0,0
BRDA:54,1,1,0
BRDA:89,2,0,0
BRDA:89,2,1,0
BRF:6
BRH:2
end_of_record
TN:
SF:/Users/saad/Development/providers-registry/AssignmentWith-Docker/src/model.ts
FNF:0
FNH:0
DA:1,1
LF:1
LH:1
BRF:0
BRH:0
end_of_record
TN:
SF:/Users/saad/Development/providers-registry/AssignmentWith-Docker/src/qeue.ts
FN:10,(anonymous_1)
FN:13,(anonymous_2)
FN:28,(anonymous_3)
FN:47,(anonymous_4)
FNF:4
FNH:0
FNDA:0,(anonymous_1)
FNDA:0,(anonymous_2)
FNDA:0,(anonymous_3)
FNDA:0,(anonymous_4)
DA:1,1
DA:2,1
DA:4,1
DA:5,1
DA:6,1
DA:10,1
DA:11,0
DA:14,0
DA:15,0
DA:28,0
DA:30,0
DA:31,0
DA:33,0
DA:37,0
DA:38,0
DA:41,0
DA:42,0
DA:47,0
DA:51,1
LF:19
LH:7
BRDA:14,0,0,0
BRDA:14,0,1,0
BRDA:30,1,0,0
BRDA:30,1,1,0
BRF:4
BRH:0
end_of_record
