{"/Users/saad/Development/providers-registry/Assignment-WithOut-Docker/src/NIPURL.ts": {"path":"/Users/saad/Development/providers-registry/Assignment-WithOut-Docker/src/NIPURL.ts","statementMap":{"0":{"start":{"line":1,"column":13},"end":{"line":1,"column":null}}},"fnMap":{},"branchMap":{},"s":{"0":1},"f":{},"b":{}}
,"/Users/saad/Development/providers-registry/Assignment-WithOut-Docker/src/aws-config.ts": {"path":"/Users/saad/Development/providers-registry/Assignment-WithOut-Docker/src/aws-config.ts","statementMap":{"0":{"start":{"line":1,"column":0},"end":{"line":1,"column":26}},"1":{"start":{"line":3,"column":57},"end":{"line":8,"column":2}},"2":{"start":{"line":9,"column":16},"end":{"line":9,"column":69}},"3":{"start":{"line":10,"column":15},"end":{"line":10,"column":53}},"4":{"start":{"line":12,"column":0},"end":{"line":12,"column":null}}},"fnMap":{},"branchMap":{},"s":{"0":1,"1":1,"2":1,"3":1,"4":1},"f":{},"b":{}}
,"/Users/saad/Development/providers-registry/Assignment-WithOut-Docker/src/main.ts": {"path":"/Users/saad/Development/providers-registry/Assignment-WithOut-Docker/src/main.ts","statementMap":{"0":{"start":{"line":1,"column":0},"end":{"line":1,"column":30}},"1":{"start":{"line":2,"column":0},"end":{"line":2,"column":37}},"2":{"start":{"line":3,"column":0},"end":{"line":3,"column":24}},"3":{"start":{"line":4,"column":0},"end":{"line":4,"column":43}},"4":{"start":{"line":5,"column":0},"end":{"line":5,"column":30}},"5":{"start":{"line":6,"column":0},"end":{"line":6,"column":31}},"6":{"start":{"line":7,"column":0},"end":{"line":7,"column":22}},"7":{"start":{"line":8,"column":0},"end":{"line":8,"column":27}},"8":{"start":{"line":10,"column":24},"end":{"line":10,"column":28}},"9":{"start":{"line":12,"column":16},"end":{"line":12,"column":56}},"10":{"start":{"line":14,"column":10},"end":{"line":14,"column":19}},"11":{"start":{"line":16,"column":0},"end":{"line":16,"column":42}},"12":{"start":{"line":17,"column":0},"end":{"line":17,"column":30}},"13":{"start":{"line":18,"column":0},"end":{"line":18,"column":48}},"14":{"start":{"line":20,"column":0},"end":{"line":20,"column":27}},"15":{"start":{"line":21,"column":0},"end":{"line":21,"column":51}},"16":{"start":{"line":23,"column":0},"end":{"line":23,"column":53}},"17":{"start":{"line":24,"column":0},"end":{"line":24,"column":86}},"18":{"start":{"line":26,"column":0},"end":{"line":26,"column":30}},"19":{"start":{"line":28,"column":0},"end":{"line":31,"column":3}},"20":{"start":{"line":30,"column":4},"end":{"line":30,"column":24}},"21":{"start":{"line":35,"column":0},"end":{"line":67,"column":3}},"22":{"start":{"line":37,"column":8},"end":{"line":37,"column":9}},"23":{"start":{"line":37,"column":9},"end":{"line":37,"column":18}},"24":{"start":{"line":37,"column":20},"end":{"line":37,"column":28}},"25":{"start":{"line":37,"column":30},"end":{"line":37,"column":51}},"26":{"start":{"line":38,"column":17},"end":{"line":51,"column":6}},"27":{"start":{"line":53,"column":4},"end":{"line":65,"column":null}},"28":{"start":{"line":58,"column":6},"end":{"line":61,"column":24}},"29":{"start":{"line":63,"column":9},"end":{"line":63,"column":81}},"30":{"start":{"line":70,"column":0},"end":{"line":77,"column":null}},"31":{"start":{"line":71,"column":17},"end":{"line":73,"column":null}},"32":{"start":{"line":74,"column":0},"end":{"line":76,"column":null}},"33":{"start":{"line":75,"column":4},"end":{"line":75,"column":null}},"34":{"start":{"line":79,"column":11},"end":{"line":99,"column":2}},"35":{"start":{"line":80,"column":4},"end":{"line":84,"column":6}},"36":{"start":{"line":86,"column":4},"end":{"line":97,"column":null}},"37":{"start":{"line":87,"column":9},"end":{"line":87,"column":null}},"38":{"start":{"line":88,"column":8},"end":{"line":94,"column":11}},"39":{"start":{"line":89,"column":12},"end":{"line":93,"column":null}},"40":{"start":{"line":96,"column":9},"end":{"line":96,"column":null}},"41":{"start":{"line":98,"column":4},"end":{"line":98,"column":44}},"42":{"start":{"line":100,"column":0},"end":{"line":100,"column":null}},"43":{"start":{"line":101,"column":0},"end":{"line":101,"column":null}}},"fnMap":{"0":{"name":"(anonymous_1)","decl":{"start":{"line":28,"column":13},"end":{"line":28,"column":14}},"loc":{"start":{"line":28,"column":28},"end":{"line":31,"column":1}}},"1":{"name":"(anonymous_2)","decl":{"start":{"line":35,"column":22},"end":{"line":35,"column":23}},"loc":{"start":{"line":35,"column":37},"end":{"line":67,"column":1}}},"2":{"name":"(anonymous_3)","decl":{"start":{"line":53,"column":28},"end":{"line":53,"column":37}},"loc":{"start":{"line":53,"column":45},"end":{"line":65,"column":5}}},"3":{"name":"(anonymous_4)","decl":{"start":{"line":70,"column":21},"end":{"line":70,"column":30}},"loc":{"start":{"line":70,"column":37},"end":{"line":77,"column":1}}},"4":{"name":"(anonymous_5)","decl":{"start":{"line":74,"column":25},"end":{"line":74,"column":34}},"loc":{"start":{"line":74,"column":42},"end":{"line":76,"column":1}}},"5":{"name":"(anonymous_6)","decl":{"start":{"line":79,"column":39},"end":{"line":79,"column":null}},"loc":{"start":{"line":79,"column":39},"end":{"line":99,"column":1}}},"6":{"name":"(anonymous_7)","decl":{"start":{"line":86,"column":52},"end":{"line":86,"column":null}},"loc":{"start":{"line":86,"column":52},"end":{"line":95,"column":6}}},"7":{"name":"(anonymous_8)","decl":{"start":{"line":88,"column":40},"end":{"line":88,"column":49}},"loc":{"start":{"line":88,"column":58},"end":{"line":94,"column":9}}},"8":{"name":"(anonymous_9)","decl":{"start":{"line":95,"column":14},"end":{"line":95,"column":17}},"loc":{"start":{"line":95,"column":17},"end":{"line":97,"column":6}}}},"branchMap":{"0":{"loc":{"start":{"line":16,"column":16},"end":{"line":16,"column":32}},"type":"binary-expr","locations":[{"start":{"line":16,"column":16},"end":{"line":16,"column":32}},{"start":{"line":16,"column":36},"end":{"line":16,"column":40}}]},"1":{"loc":{"start":{"line":89,"column":12},"end":{"line":93,"column":null}},"type":"if","locations":[{"start":{"line":89,"column":12},"end":{"line":93,"column":null}},{"start":{"line":89,"column":12},"end":{"line":93,"column":null}}]}},"s":{"0":1,"1":1,"2":1,"3":1,"4":1,"5":1,"6":1,"7":1,"8":1,"9":1,"10":1,"11":1,"12":1,"13":1,"14":1,"15":1,"16":1,"17":1,"18":1,"19":1,"20":1,"21":1,"22":1,"23":1,"24":1,"25":1,"26":1,"27":1,"28":1,"29":1,"30":1,"31":1,"32":1,"33":1,"34":1,"35":0,"36":0,"37":0,"38":0,"39":0,"40":0,"41":0,"42":1,"43":1},"f":{"0":1,"1":1,"2":1,"3":1,"4":1,"5":0,"6":0,"7":0,"8":0},"b":{"0":[1,1],"1":[0,0]}}
,"/Users/saad/Development/providers-registry/Assignment-WithOut-Docker/src/model.ts": {"path":"/Users/saad/Development/providers-registry/Assignment-WithOut-Docker/src/model.ts","statementMap":{"0":{"start":{"line":1,"column":11},"end":{"line":13,"column":null}}},"fnMap":{},"branchMap":{},"s":{"0":1},"f":{},"b":{}}
,"/Users/saad/Development/providers-registry/Assignment-WithOut-Docker/src/qeue.ts": {"path":"/Users/saad/Development/providers-registry/Assignment-WithOut-Docker/src/qeue.ts","statementMap":{"0":{"start":{"line":1,"column":0},"end":{"line":1,"column":22}},"1":{"start":{"line":2,"column":0},"end":{"line":2,"column":26}},"2":{"start":{"line":4,"column":0},"end":{"line":4,"column":34}},"3":{"start":{"line":5,"column":0},"end":{"line":5,"column":30}},"4":{"start":{"line":7,"column":14},"end":{"line":7,"column":31}},"5":{"start":{"line":9,"column":0},"end":{"line":47,"column":5}},"6":{"start":{"line":10,"column":4},"end":{"line":46,"column":35}},"7":{"start":{"line":13,"column":8},"end":{"line":42,"column":null}},"8":{"start":{"line":14,"column":23},"end":{"line":26,"column":10}},"9":{"start":{"line":27,"column":8},"end":{"line":35,"column":11}},"10":{"start":{"line":29,"column":12},"end":{"line":33,"column":null}},"11":{"start":{"line":36,"column":8},"end":{"line":36,"column":15}},"12":{"start":{"line":37,"column":8},"end":{"line":37,"column":37}},"13":{"start":{"line":40,"column":10},"end":{"line":40,"column":17}},"14":{"start":{"line":41,"column":10},"end":{"line":41,"column":26}},"15":{"start":{"line":46,"column":22},"end":{"line":46,"column":34}},"16":{"start":{"line":50,"column":0},"end":{"line":50,"column":null}}},"fnMap":{"0":{"name":"(anonymous_1)","decl":{"start":{"line":9,"column":27},"end":{"line":9,"column":28}},"loc":{"start":{"line":9,"column":56},"end":{"line":47,"column":3}}},"1":{"name":"(anonymous_2)","decl":{"start":{"line":12,"column":12},"end":{"line":12,"column":20}},"loc":{"start":{"line":12,"column":20},"end":{"line":45,"column":7}}},"2":{"name":"(anonymous_3)","decl":{"start":{"line":27,"column":36},"end":{"line":27,"column":45}},"loc":{"start":{"line":27,"column":54},"end":{"line":35,"column":9}}},"3":{"name":"(anonymous_4)","decl":{"start":{"line":46,"column":13},"end":{"line":46,"column":18}},"loc":{"start":{"line":46,"column":18},"end":{"line":46,"column":26}}}},"branchMap":{"0":{"loc":{"start":{"line":13,"column":8},"end":{"line":42,"column":null}},"type":"if","locations":[{"start":{"line":13,"column":8},"end":{"line":42,"column":null}},{"start":{"line":13,"column":8},"end":{"line":42,"column":null}}]},"1":{"loc":{"start":{"line":29,"column":12},"end":{"line":33,"column":null}},"type":"if","locations":[{"start":{"line":29,"column":12},"end":{"line":33,"column":null}},{"start":{"line":29,"column":12},"end":{"line":33,"column":null}}]}},"s":{"0":1,"1":1,"2":1,"3":1,"4":1,"5":1,"6":1,"7":0,"8":0,"9":0,"10":0,"11":0,"12":0,"13":0,"14":0,"15":0,"16":1},"f":{"0":1,"1":0,"2":0,"3":0},"b":{"0":[0,0],"1":[0,0]}}
}
