TN:
SF:/Users/saad/Development/providers-registry/Assignment-WithOut-Docker/src/NIPURL.ts
FNF:0
FNH:0
DA:1,1
LF:1
LH:1
BRF:0
BRH:0
end_of_record
TN:
SF:/Users/saad/Development/providers-registry/Assignment-WithOut-Docker/src/aws-config.ts
FNF:0
FNH:0
DA:1,1
DA:3,1
DA:9,1
DA:10,1
DA:12,1
LF:5
LH:5
BRF:0
BRH:0
end_of_record
TN:
SF:/Users/saad/Development/providers-registry/Assignment-WithOut-Docker/src/main.ts
FN:28,(anonymous_1)
FN:35,(anonymous_2)
FN:53,(anonymous_3)
FN:70,(anonymous_4)
FN:74,(anonymous_5)
FN:79,(anonymous_6)
FN:86,(anonymous_7)
FN:88,(anonymous_8)
FN:95,(anonymous_9)
FNF:9
FNH:5
FNDA:1,(anonymous_1)
FNDA:1,(anonymous_2)
FNDA:1,(anonymous_3)
FNDA:1,(anonymous_4)
FNDA:1,(anonymous_5)
FNDA:0,(anonymous_6)
FNDA:0,(anonymous_7)
FNDA:0,(anonymous_8)
FNDA:0,(anonymous_9)
DA:1,1
DA:2,1
DA:3,1
DA:4,1
DA:5,1
DA:6,1
DA:7,1
DA:8,1
DA:10,1
DA:12,1
DA:14,1
DA:16,1
DA:17,1
DA:18,1
DA:20,1
DA:21,1
DA:23,1
DA:24,1
DA:26,1
DA:28,1
DA:30,1
DA:35,1
DA:37,1
DA:38,1
DA:53,1
DA:58,1
DA:63,1
DA:70,1
DA:71,1
DA:74,1
DA:75,1
DA:79,1
DA:80,0
DA:86,0
DA:87,0
DA:88,0
DA:89,0
DA:96,0
DA:98,0
DA:100,1
DA:101,1
LF:41
LH:34
BRDA:16,0,0,1
BRDA:16,0,1,1
BRDA:89,1,0,0
BRDA:89,1,1,0
BRF:4
BRH:2
end_of_record
TN:
SF:/Users/saad/Development/providers-registry/Assignment-WithOut-Docker/src/model.ts
FNF:0
FNH:0
DA:1,1
LF:1
LH:1
BRF:0
BRH:0
end_of_record
TN:
SF:/Users/saad/Development/providers-registry/Assignment-WithOut-Docker/src/qeue.ts
FN:9,(anonymous_1)
FN:12,(anonymous_2)
FN:27,(anonymous_3)
FN:46,(anonymous_4)
FNF:4
FNH:1
FNDA:1,(anonymous_1)
FNDA:0,(anonymous_2)
FNDA:0,(anonymous_3)
FNDA:0,(anonymous_4)
DA:1,1
DA:2,1
DA:4,1
DA:5,1
DA:7,1
DA:9,1
DA:10,1
DA:13,0
DA:14,0
DA:27,0
DA:29,0
DA:36,0
DA:37,0
DA:40,0
DA:41,0
DA:46,0
DA:50,1
LF:17
LH:8
BRDA:13,0,0,0
BRDA:13,0,1,0
BRDA:29,1,0,0
BRDA:29,1,1,0
BRF:4
BRH:0
end_of_record
