{"/Users/saad/Development/providers-registry/src/NIPURL.ts": {"path":"/Users/saad/Development/providers-registry/src/NIPURL.ts","statementMap":{"0":{"start":{"line":1,"column":13},"end":{"line":1,"column":null}}},"fnMap":{},"branchMap":{},"s":{"0":1},"f":{},"b":{}}
,"/Users/saad/Development/providers-registry/src/aws-config.ts": {"path":"/Users/saad/Development/providers-registry/src/aws-config.ts","statementMap":{"0":{"start":{"line":1,"column":0},"end":{"line":1,"column":26}},"1":{"start":{"line":3,"column":57},"end":{"line":8,"column":2}},"2":{"start":{"line":9,"column":16},"end":{"line":9,"column":69}},"3":{"start":{"line":10,"column":15},"end":{"line":10,"column":53}},"4":{"start":{"line":12,"column":0},"end":{"line":12,"column":null}}},"fnMap":{},"branchMap":{},"s":{"0":1,"1":1,"2":1,"3":1,"4":1},"f":{},"b":{}}
,"/Users/saad/Development/providers-registry/src/eventEmitter.ts": {"path":"/Users/saad/Development/providers-registry/src/eventEmitter.ts","statementMap":{"0":{"start":{"line":1,"column":0},"end":{"line":1,"column":28}},"1":{"start":{"line":2,"column":0},"end":{"line":2,"column":26}},"2":{"start":{"line":3,"column":0},"end":{"line":3,"column":34}},"3":{"start":{"line":4,"column":0},"end":{"line":4,"column":30}},"4":{"start":{"line":5,"column":9},"end":{"line":5,"column":34}},"5":{"start":{"line":6,"column":0},"end":{"line":36,"column":null}},"6":{"start":{"line":8,"column":4},"end":{"line":35,"column":null}},"7":{"start":{"line":10,"column":8},"end":{"line":31,"column":null}},"8":{"start":{"line":11,"column":25},"end":{"line":23,"column":14}},"9":{"start":{"line":24,"column":12},"end":{"line":30,"column":15}},"10":{"start":{"line":25,"column":16},"end":{"line":29,"column":null}},"11":{"start":{"line":34,"column":8},"end":{"line":34,"column":null}},"12":{"start":{"line":38,"column":0},"end":{"line":38,"column":null}}},"fnMap":{"0":{"name":"(anonymous_1)","decl":{"start":{"line":6,"column":22},"end":{"line":6,"column":32}},"loc":{"start":{"line":6,"column":36},"end":{"line":36,"column":1}}},"1":{"name":"(anonymous_2)","decl":{"start":{"line":9,"column":11},"end":{"line":9,"column":12}},"loc":{"start":{"line":9,"column":20},"end":{"line":33,"column":5}}},"2":{"name":"(anonymous_3)","decl":{"start":{"line":24,"column":40},"end":{"line":24,"column":49}},"loc":{"start":{"line":24,"column":58},"end":{"line":30,"column":13}}},"3":{"name":"(anonymous_4)","decl":{"start":{"line":33,"column":13},"end":{"line":33,"column":16}},"loc":{"start":{"line":33,"column":16},"end":{"line":35,"column":5}}}},"branchMap":{"0":{"loc":{"start":{"line":10,"column":8},"end":{"line":31,"column":null}},"type":"if","locations":[{"start":{"line":10,"column":8},"end":{"line":31,"column":null}},{"start":{"line":10,"column":8},"end":{"line":31,"column":null}}]},"1":{"loc":{"start":{"line":25,"column":16},"end":{"line":29,"column":null}},"type":"if","locations":[{"start":{"line":25,"column":16},"end":{"line":29,"column":null}},{"start":{"line":25,"column":16},"end":{"line":29,"column":null}}]}},"s":{"0":1,"1":1,"2":1,"3":1,"4":1,"5":1,"6":1,"7":0,"8":0,"9":0,"10":0,"11":0,"12":1},"f":{"0":1,"1":0,"2":0,"3":0},"b":{"0":[0,0],"1":[0,0]}}
,"/Users/saad/Development/providers-registry/src/main.ts": {"path":"/Users/saad/Development/providers-registry/src/main.ts","statementMap":{"0":{"start":{"line":1,"column":0},"end":{"line":1,"column":30}},"1":{"start":{"line":2,"column":0},"end":{"line":2,"column":37}},"2":{"start":{"line":3,"column":0},"end":{"line":3,"column":24}},"3":{"start":{"line":4,"column":0},"end":{"line":4,"column":43}},"4":{"start":{"line":5,"column":0},"end":{"line":5,"column":30}},"5":{"start":{"line":6,"column":0},"end":{"line":6,"column":31}},"6":{"start":{"line":7,"column":0},"end":{"line":7,"column":32}},"7":{"start":{"line":9,"column":24},"end":{"line":9,"column":28}},"8":{"start":{"line":11,"column":16},"end":{"line":11,"column":56}},"9":{"start":{"line":13,"column":10},"end":{"line":13,"column":19}},"10":{"start":{"line":15,"column":0},"end":{"line":15,"column":42}},"11":{"start":{"line":16,"column":0},"end":{"line":16,"column":30}},"12":{"start":{"line":17,"column":0},"end":{"line":17,"column":48}},"13":{"start":{"line":19,"column":0},"end":{"line":19,"column":27}},"14":{"start":{"line":20,"column":0},"end":{"line":20,"column":51}},"15":{"start":{"line":22,"column":0},"end":{"line":22,"column":53}},"16":{"start":{"line":23,"column":0},"end":{"line":23,"column":86}},"17":{"start":{"line":26,"column":0},"end":{"line":29,"column":3}},"18":{"start":{"line":28,"column":4},"end":{"line":28,"column":24}},"19":{"start":{"line":31,"column":0},"end":{"line":60,"column":3}},"20":{"start":{"line":33,"column":8},"end":{"line":33,"column":9}},"21":{"start":{"line":33,"column":9},"end":{"line":33,"column":18}},"22":{"start":{"line":33,"column":20},"end":{"line":33,"column":28}},"23":{"start":{"line":33,"column":30},"end":{"line":33,"column":51}},"24":{"start":{"line":34,"column":17},"end":{"line":47,"column":6}},"25":{"start":{"line":49,"column":4},"end":{"line":58,"column":null}},"26":{"start":{"line":50,"column":8},"end":{"line":57,"column":null}},"27":{"start":{"line":51,"column":12},"end":{"line":51,"column":84}},"28":{"start":{"line":55,"column":9},"end":{"line":55,"column":null}},"29":{"start":{"line":56,"column":9},"end":{"line":56,"column":81}},"30":{"start":{"line":62,"column":0},"end":{"line":82,"column":3}},"31":{"start":{"line":63,"column":4},"end":{"line":67,"column":6}},"32":{"start":{"line":69,"column":4},"end":{"line":80,"column":null}},"33":{"start":{"line":71,"column":8},"end":{"line":77,"column":11}},"34":{"start":{"line":72,"column":12},"end":{"line":76,"column":null}},"35":{"start":{"line":79,"column":8},"end":{"line":79,"column":null}},"36":{"start":{"line":81,"column":4},"end":{"line":81,"column":44}},"37":{"start":{"line":84,"column":0},"end":{"line":84,"column":null}}},"fnMap":{"0":{"name":"(anonymous_1)","decl":{"start":{"line":26,"column":13},"end":{"line":26,"column":14}},"loc":{"start":{"line":26,"column":28},"end":{"line":29,"column":1}}},"1":{"name":"(anonymous_2)","decl":{"start":{"line":31,"column":22},"end":{"line":31,"column":23}},"loc":{"start":{"line":31,"column":37},"end":{"line":60,"column":1}}},"2":{"name":"(anonymous_3)","decl":{"start":{"line":49,"column":28},"end":{"line":49,"column":37}},"loc":{"start":{"line":49,"column":45},"end":{"line":58,"column":5}}},"3":{"name":"(anonymous_4)","decl":{"start":{"line":62,"column":28},"end":{"line":62,"column":null}},"loc":{"start":{"line":62,"column":28},"end":{"line":82,"column":1}}},"4":{"name":"(anonymous_5)","decl":{"start":{"line":69,"column":52},"end":{"line":69,"column":null}},"loc":{"start":{"line":69,"column":52},"end":{"line":78,"column":5}}},"5":{"name":"(anonymous_6)","decl":{"start":{"line":71,"column":40},"end":{"line":71,"column":49}},"loc":{"start":{"line":71,"column":58},"end":{"line":77,"column":9}}},"6":{"name":"(anonymous_7)","decl":{"start":{"line":78,"column":13},"end":{"line":78,"column":16}},"loc":{"start":{"line":78,"column":16},"end":{"line":80,"column":5}}}},"branchMap":{"0":{"loc":{"start":{"line":15,"column":16},"end":{"line":15,"column":32}},"type":"binary-expr","locations":[{"start":{"line":15,"column":16},"end":{"line":15,"column":32}},{"start":{"line":15,"column":36},"end":{"line":15,"column":40}}]},"1":{"loc":{"start":{"line":50,"column":8},"end":{"line":57,"column":null}},"type":"if","locations":[{"start":{"line":50,"column":8},"end":{"line":57,"column":null}},{"start":{"line":50,"column":8},"end":{"line":57,"column":null}}]},"2":{"loc":{"start":{"line":72,"column":12},"end":{"line":76,"column":null}},"type":"if","locations":[{"start":{"line":72,"column":12},"end":{"line":76,"column":null}},{"start":{"line":72,"column":12},"end":{"line":76,"column":null}}]}},"s":{"0":1,"1":1,"2":1,"3":1,"4":1,"5":1,"6":1,"7":1,"8":1,"9":1,"10":1,"11":1,"12":1,"13":1,"14":1,"15":1,"16":1,"17":1,"18":1,"19":1,"20":1,"21":1,"22":1,"23":1,"24":1,"25":1,"26":1,"27":0,"28":1,"29":1,"30":1,"31":1,"32":1,"33":1,"34":1,"35":0,"36":1,"37":1},"f":{"0":1,"1":1,"2":1,"3":1,"4":1,"5":1,"6":0},"b":{"0":[1,1],"1":[0,1],"2":[0,1]}}
,"/Users/saad/Development/providers-registry/src/model.ts": {"path":"/Users/saad/Development/providers-registry/src/model.ts","statementMap":{"0":{"start":{"line":1,"column":11},"end":{"line":13,"column":null}}},"fnMap":{},"branchMap":{},"s":{"0":1},"f":{},"b":{}}
}
