TN:
SF:/Users/saad/Development/providers-registry/src/NIPURL.ts
FNF:0
FNH:0
DA:1,1
LF:1
LH:1
BRF:0
BRH:0
end_of_record
TN:
SF:/Users/saad/Development/providers-registry/src/aws-config.ts
FNF:0
FNH:0
DA:1,1
DA:3,1
DA:9,1
DA:10,1
DA:12,1
LF:5
LH:5
BRF:0
BRH:0
end_of_record
TN:
SF:/Users/saad/Development/providers-registry/src/eventEmitter.ts
FN:6,(anonymous_1)
FN:9,(anonymous_2)
FN:24,(anonymous_3)
FN:33,(anonymous_4)
FNF:4
FNH:1
FNDA:1,(anonymous_1)
FNDA:0,(anonymous_2)
FNDA:0,(anonymous_3)
FNDA:0,(anonymous_4)
DA:1,1
DA:2,1
DA:3,1
DA:4,1
DA:5,1
DA:6,1
DA:8,1
DA:10,0
DA:11,0
DA:24,0
DA:25,0
DA:34,0
DA:38,1
LF:13
LH:8
BRDA:10,0,0,0
BRDA:10,0,1,0
BRDA:25,1,0,0
BRDA:25,1,1,0
BRF:4
BRH:0
end_of_record
TN:
SF:/Users/saad/Development/providers-registry/src/main.ts
FN:26,(anonymous_1)
FN:31,(anonymous_2)
FN:49,(anonymous_3)
FN:62,(anonymous_4)
FN:69,(anonymous_5)
FN:71,(anonymous_6)
FN:78,(anonymous_7)
FNF:7
FNH:6
FNDA:1,(anonymous_1)
FNDA:1,(anonymous_2)
FNDA:1,(anonymous_3)
FNDA:1,(anonymous_4)
FNDA:1,(anonymous_5)
FNDA:1,(anonymous_6)
FNDA:0,(anonymous_7)
DA:1,1
DA:2,1
DA:3,1
DA:4,1
DA:5,1
DA:6,1
DA:7,1
DA:9,1
DA:11,1
DA:13,1
DA:15,1
DA:16,1
DA:17,1
DA:19,1
DA:20,1
DA:22,1
DA:23,1
DA:26,1
DA:28,1
DA:31,1
DA:33,1
DA:34,1
DA:49,1
DA:50,1
DA:51,0
DA:55,1
DA:56,1
DA:62,1
DA:63,1
DA:69,1
DA:71,1
DA:72,1
DA:79,0
DA:81,1
DA:84,1
LF:35
LH:33
BRDA:15,0,0,1
BRDA:15,0,1,1
BRDA:50,1,0,0
BRDA:50,1,1,1
BRDA:72,2,0,0
BRDA:72,2,1,1
BRF:6
BRH:4
end_of_record
TN:
SF:/Users/saad/Development/providers-registry/src/model.ts
FNF:0
FNH:0
DA:1,1
LF:1
LH:1
BRF:0
BRH:0
end_of_record
